<?xml version="1.0" encoding="UTF-8"?>
<!-- Generated by org.testng.reporters.JUnitReportReporter -->
<testsuite hostname="DESKTOP-4FAHTHV" name="TestNGPackage.Sel3_HMS_Login" tests="1" failures="0" timestamp="21 Nov 2019 13:04:33 GMT" time="3.399" errors="0">
  <testcase name="f" time="3.399" classname="TestNGPackage.Sel3_HMS_Login"/>
</testsuite> <!-- TestNGPackage.Sel3_HMS_Login -->
